[2025-05-23T15:22:02.157Z] [URLPATH : GET /myprofile ] - DEBUG: Random
[2025-05-23T15:22:38.991Z] [URLPATH : GET /myprofile ] - DEBUG: Random
[2025-05-23T15:22:39.206Z] [URLPATH : GET /myprofile ] - DEBUG: Random
[2025-05-23T15:23:03.138Z] [URLPATH : GET /myprofile ] - DEBUG: Random
[2025-05-23T15:23:03.478Z] [URLPATH : GET /myprofile ] - DEBUG: Random
[2025-05-23T15:23:19.612Z] [URLPATH : GET /myprofile ] - DEBUG: Random
[2025-05-23T15:23:23.388Z] [URLPATH : GET /myprofile ] - DEBUG: Random
[2025-05-23T15:23:23.574Z] [URLPATH : GET /myprofile ] - DEBUG: Random
[2025-05-23T15:23:23.739Z] [URLPATH : GET /myprofile ] - DEBUG: Random
[2025-05-23T15:42:42.969Z] [URLPATH : [object Object] ] - DEBUG: GET /myprofile
[2025-05-23T15:42:46.607Z] [URLPATH : [object Object] ] - DEBUG: GET /myprofile
[2025-05-23T15:42:55.153Z] [URLPATH : [object Object] ] - DEBUG: GET /myprofile
[2025-05-23T16:11:14.079Z] ERROR: MongoServerError: E11000 duplicate key error collection: ecommerce.users index: email_1 dup key: { email: "jhdf@hgc.jkhvg" }
[2025-05-23T16:12:46.774Z] ERROR: TypeError: Cannot read properties of null (reading '_id')
[2025-05-23T16:13:50.962Z] ERROR: MongoServerError: E11000 duplicate key error collection: ecommerce.users index: email_1 dup key: { email: "jhdf@hgc.jkhvgkjfghf" }
[2025-05-23T16:13:50.963Z] ERROR: MongoServerError: E11000 duplicate key error collection: ecommerce.users index: email_1 dup key: { email: "jhdf@hgc.jkhvgkjfghf" }
[2025-05-23T16:15:01.713Z] ERROR: TypeError: Cannot read properties of null (reading '_id')
[2025-05-23T16:15:01.714Z] ERROR: TypeError: Cannot read properties of null (reading '_id')
[2025-05-23T16:17:40.383Z] ERROR: MongoServerError: E11000 duplicate key error collection: ecommerce.users index: email_1 dup key: { email: "jhdf@hgc.jkhvgkjfghfvhvhghg" }
[2025-05-23T16:17:40.383Z] ERROR: MongoServerError: E11000 duplicate key error collection: ecommerce.users index: email_1 dup key: { email: "jhdf@hgc.jkhvgkjfghfvhvhghg" }
[2025-05-23T16:18:15.912Z] [URLPATH : [object Object] ] - DEBUG: OTP sended to email - [OTP - 404236] [email - utyjgdfc@uyg.oiuhgf]
[2025-05-23T16:19:08.535Z] ERROR: TypeError: Cannot read properties of null (reading '_id')
[2025-05-23T16:19:08.536Z] ERROR: TypeError: Cannot read properties of null (reading '_id')
[2025-05-23T16:20:42.995Z] INFO: OTP sended to email - [OTP - 437277] [email - kjhg@dfv.sdcv]
[2025-05-23T16:21:03.643Z] ERROR: TypeError: Cannot read properties of null (reading '_id')
[2025-05-23T16:21:03.644Z] ERROR: TypeError: Cannot read properties of null (reading '_id')
[2025-05-23T16:23:14.059Z] ERROR: MongoServerError: E11000 duplicate key error collection: ecommerce.users index: email_1 dup key: { email: "kjhg@dfv.sdcv" }
[2025-05-23T16:23:14.059Z] ERROR: MongoServerError: E11000 duplicate key error collection: ecommerce.users index: email_1 dup key: { email: "kjhg@dfv.sdcv" }
[2025-05-23T16:23:32.633Z] INFO: OTP sended to email - [OTP - 618497] [email - kjhg@dfv.sdcvlkjhg]
[2025-05-23T16:42:59.399Z] INFO: OTP sended to email - [OTP - 994657] [email - wer@sd.df]
[2025-05-23T16:43:14.785Z] ERROR: Error [ERR_HTTP_HEADERS_SENT]: Cannot set headers after they are sent to the client
[2025-05-23T16:43:14.786Z] ERROR: Error [ERR_HTTP_HEADERS_SENT]: Cannot set headers after they are sent to the client
[2025-05-23T16:44:14.373Z] ERROR: Error: Wrong OTP entered
[2025-05-23T16:44:14.373Z] ERROR: Error: Wrong OTP entered
[2025-05-23T16:44:35.804Z] INFO: OTP sended to email - [OTP - 653433] [email - xc@sd.sd]
[2025-05-23T16:45:00.783Z] ERROR: Error [ERR_HTTP_HEADERS_SENT]: Cannot set headers after they are sent to the client
[2025-05-23T16:45:00.784Z] ERROR: Error [ERR_HTTP_HEADERS_SENT]: Cannot set headers after they are sent to the client
[2025-05-23T17:01:54.934Z] INFO: Get coupon code from user undefined
[2025-05-23T17:02:25.989Z] INFO: Get coupon code from user asdf
[2025-05-23T17:02:30.039Z] INFO: Get coupon code from user asdf
[2025-05-23T17:02:45.210Z] INFO: Get coupon code from user - asdf
[2025-05-23T17:02:57.959Z] INFO: Get coupon code from user - [code: asdf]
[2025-05-23T17:15:25.601Z] INFO: Get coupon code from user - [referalCode: asdf]
[2025-05-23T17:19:19.268Z] INFO: Get coupon code from user - [referalCode: ]
[2025-05-23T17:19:40.629Z] INFO: Get coupon code from user - [referalCode: mb0pyy1j8vy7z3]
[2025-05-23T17:19:51.211Z] INFO: GET /myprofile
[2025-05-23T17:21:49.568Z] INFO: GET /myprofile
[2025-05-23T17:21:49.780Z] INFO: GET /myprofile
[2025-05-23T17:22:05.719Z] INFO: GET /myprofile
[2025-05-24T07:06:51.251Z] INFO: [object Object]
[2025-05-24T07:09:52.093Z] INFO: {"_id":null,"totalSales":3840,"totalDiscount":584,"finalAmount":3256}
[2025-05-24T07:12:02.283Z] INFO: {"_id":null,"totalSales":3840,"totalDiscount":584,"finalAmount":3256}
[2025-05-24T07:13:56.367Z] INFO: {"_id":null,"totalSales":3840,"totalDiscount":584,"finalAmount":3256}
[2025-05-24T07:14:15.911Z] INFO: {"_id":null,"totalSales":3840,"totalDiscount":584,"finalAmount":3256}
[2025-05-24T07:14:36.825Z] INFO: {"_id":null,"totalSales":3840,"totalDiscount":584,"finalAmount":3256}
[2025-05-24T07:15:37.790Z] INFO: {"_id":null,"totalSales":3840,"totalDiscount":584,"finalAmount":3256}
[2025-05-24T07:17:47.099Z] INFO: {"_id":null,"totalSales":5760,"totalDiscount":584,"finalAmount":5176}
[2025-05-24T07:19:52.560Z] INFO: {"_id":null,"totalSales":5760,"totalDiscount":584,"finalAmount":5176}
[2025-05-24T07:22:35.097Z] INFO: {"_id":null,"totalSales":5760,"totalDiscount":584,"finalAmount":5176}
[2025-05-24T07:22:44.623Z] INFO: {"_id":null,"totalSales":3840,"totalDiscount":584,"finalAmount":3256}
[2025-05-24T07:30:57.540Z] INFO: {"_id":null,"totalSales":3840,"totalDiscount":584,"finalAmount":3256}
[2025-05-24T07:31:02.093Z] INFO: {"_id":null,"totalSales":3840,"totalDiscount":584,"finalAmount":3256}
[2025-05-24T07:35:03.377Z] INFO: {"_id":null,"totalSales":3840,"totalDiscount":584,"finalAmount":3256}
[2025-05-24T07:35:40.727Z] INFO: {"_id":null,"totalSales":3840,"totalDiscount":584,"finalAmount":3256}
[2025-05-24T07:36:11.914Z] INFO: {"_id":null,"totalSales":3840,"totalDiscount":584,"finalAmount":3256}
[2025-05-24T07:37:38.989Z] INFO: {"_id":null,"totalSales":3840,"totalDiscount":584,"finalAmount":3256}
[2025-05-24T07:38:06.061Z] INFO: {"_id":null,"totalSales":3840,"totalDiscount":584,"finalAmount":3256}
[2025-05-24T07:39:16.484Z] INFO: {"_id":null,"totalSales":3840,"totalDiscount":584,"finalAmount":3256}
[2025-05-24T08:25:13.677Z] INFO: {"_id":null,"totalSales":3840,"totalDiscount":584,"finalAmount":3256}
[2025-05-24T08:27:11.347Z] INFO: {"_id":null,"totalSales":3840,"totalDiscount":584,"finalAmount":3256}
[2025-05-24T08:28:20.546Z] INFO: {"_id":null,"totalSales":3840,"totalDiscount":584,"finalAmount":3256}
[2025-05-24T08:37:34.709Z] INFO: {"_id":null,"totalSales":3840,"totalDiscount":584,"finalAmount":3256}
[2025-05-24T08:39:29.359Z] INFO: {"_id":null,"totalSales":3840,"totalDiscount":584,"finalAmount":3256}
[2025-05-24T08:41:18.782Z] INFO: {"_id":null,"totalSales":3840,"totalDiscount":584,"finalAmount":3256}
[2025-05-24T08:41:33.847Z] INFO: {"_id":null,"totalSales":3840,"totalDiscount":584,"finalAmount":3256}
[2025-05-24T08:41:35.897Z] INFO: {"_id":null,"totalSales":3840,"totalDiscount":584,"finalAmount":3256}
[2025-05-24T08:41:37.494Z] INFO: {"_id":null,"totalSales":3840,"totalDiscount":584,"finalAmount":3256}
[2025-05-24T08:41:38.798Z] INFO: {"_id":null,"totalSales":3840,"totalDiscount":584,"finalAmount":3256}
[2025-05-24T08:41:47.203Z] INFO: {"_id":null,"totalSales":3840,"totalDiscount":584,"finalAmount":3256}
[2025-05-24T08:41:49.472Z] INFO: {"_id":null,"totalSales":3840,"totalDiscount":584,"finalAmount":3256}
[2025-05-24T08:41:53.592Z] INFO: {"_id":null,"totalSales":3840,"totalDiscount":584,"finalAmount":3256}
[2025-05-24T08:41:54.742Z] INFO: {"_id":null,"totalSales":3840,"totalDiscount":584,"finalAmount":3256}
[2025-05-24T08:41:55.464Z] INFO: {"_id":null,"totalSales":3840,"totalDiscount":584,"finalAmount":3256}
[2025-05-24T08:52:24.349Z] INFO: {"_id":null,"totalSales":3840,"totalDiscount":584,"finalAmount":3256}
[2025-05-24T14:49:45.856Z] CRITICAL: Unhandled Rejection: req is not defined
[2025-05-24T14:50:16.116Z] CRITICAL: Unhandled Rejection: req is not defined
[2025-05-24T14:50:16.931Z] CRITICAL: Unhandled Rejection: req is not defined
[2025-05-24T14:50:17.150Z] CRITICAL: Unhandled Rejection: req is not defined
[2025-05-24T14:50:20.427Z] CRITICAL: Unhandled Rejection: req is not defined
[2025-05-24T14:50:54.612Z] CRITICAL: Unhandled Rejection: req is not defined
[2025-05-24T14:50:58.602Z] CRITICAL: Unhandled Rejection: req is not defined
[2025-05-24T14:51:00.073Z] CRITICAL: Unhandled Rejection: req is not defined
[2025-05-24T14:53:24.971Z] ERROR: ReferenceError: limit is not defined
[2025-05-24T15:01:47.896Z] CRITICAL: Uncaught Exception: write after end
[2025-05-24T15:01:49.828Z] CRITICAL: Uncaught Exception: write after end
[2025-05-24T15:03:41.118Z] CRITICAL: Uncaught Exception: write after end
[2025-05-24T15:03:43.428Z] CRITICAL: Uncaught Exception: write after end
[2025-05-24T15:04:22.637Z] CRITICAL: Uncaught Exception: write after end
